<?xml version="1.0" encoding="UTF-8"?>
<!-- Generated by org.testng.reporters.JUnitXMLReporter -->
<testsuite ignored="2" hostname="DESKTOP-MS6U17S" failures="0" tests="1" name="Default test" time="45.238" errors="0" timestamp="2022-03-26T21:57:17 IST">
  <testcase classname="testcases2.Logintest" name="LoginSuccessTestExternalDataTest" time="1.575"/>
  <testcase classname="testcases2.Logintest" name="LoginFailiureTest" time="0.0">
    <ignored/>
  </testcase> <!-- LoginFailiureTest -->
  <testcase classname="testcases2.Logintest" name="LoginSuccessTest" time="0.0">
    <ignored/>
  </testcase> <!-- LoginSuccessTest -->
</testsuite> <!-- Default test -->
